<?xml version="1.0" encoding="UTF-8"?>
<testsuite name="tests.OneTests" time="2.000" tests="2"
           errors="2" skipped="0" failures="0">
    <testcase name="testMethodTwo" classname="tests.OneTests"
              time="1.000">
        <error message="errorMessage" type="java.lang.AssertionError"><![CDATA[stacktracedata]]></error>
    </testcase>
    <testcase name="testMethodThree" classname="tests.OneTests"
              time="1.000">
        <error type="java.lang.AssertionError"/>
    </testcase>
</testsuite>
