<?xml version="1.0" encoding="UTF-8"?>
<testsuite name="tests.OneTests" time="2.000" tests="2"
           errors="0" skipped="0" failures="2">
    <testcase name="testMethodTwo" classname="tests.OneTests"
              time="1.000">
        <failure message="errorMessage" type="java.lang.AssertionError"><![CDATA[stacktracedata]]></failure>
    </testcase>
    <testcase name="testMethodThree" classname="tests.OneTests"
              time="1.000">
        <failure type="java.lang.AssertionError"/>
    </testcase>
</testsuite>
